<?xml version="1.0" encoding="UTF-8"?>
<testsuite name="org.eclipse.viatra.coding.GraphPermutationTest" tests="1" skipped="0" failures="0" errors="0" timestamp="2020-10-26T04:09:38" hostname="DESKTOP-KQ6RJNS" time="0.098">
  <properties/>
  <testcase name="testUniqueStateCodes" classname="org.eclipse.viatra.coding.GraphPermutationTest" time="0.098"/>
  <system-out><![CDATA[]]></system-out>
  <system-err><![CDATA[]]></system-err>
</testsuite>
